<?xml version="1.0" encoding="utf-8"?>
<CoverageSession xmlns:xsd="http://www.w3.org/2001/XMLSchema" xmlns:xsi="http://www.w3.org/2001/XMLSchema-instance" Version="4.7.922.0">
  <Summary numSequencePoints="35" visitedSequencePoints="35" numBranchPoints="18" visitedBranchPoints="18" sequenceCoverage="100" branchCoverage="100" maxCyclomaticComplexity="8" minCyclomaticComplexity="1" maxCrapScore="8" minCrapScore="1" visitedClasses="2" numClasses="2" visitedMethods="4" numMethods="4" />
  <Modules>
    <Module skippedDueTo="Filter" hash="22-72-56-28-28-8D-C5-22-A1-25-D2-00-A1-23-06-52-A9-2B-AA-05">
      <ModulePath>C:\Windows\Microsoft.Net\assembly\GAC_64\mscorlib\v4.0_4.0.0.0__b77a5c561934e089\mscorlib.dll</ModulePath>
      <ModuleTime>2019-08-07T07:43:28.9276146Z</ModuleTime>
      <ModuleName>mscorlib</ModuleName>
      <Classes />
    </Module>
    <Module skippedDueTo="MissingPdb" hash="C3-AA-1C-1C-8E-82-1A-33-B0-D2-15-D7-67-2F-0B-23-E3-D3-35-BD">
      <ModulePath>C:\Users\andreas\Documents\Sources\Github\AndreasFurster\Avans-3.2\1-UnitTest\packages\NUnit.ConsoleRunner.3.10.0\tools\nunit3-console.exe</ModulePath>
      <ModuleTime>2019-03-24T15:23:50Z</ModuleTime>
      <ModuleName>nunit3-console</ModuleName>
      <Classes />
    </Module>
    <Module skippedDueTo="Filter" hash="4A-9D-81-85-DC-CF-74-ED-91-AC-6F-7B-37-3D-3E-0B-36-5C-56-66">
      <ModulePath>C:\Windows\Microsoft.Net\assembly\GAC_MSIL\System\v4.0_4.0.0.0__b77a5c561934e089\System.dll</ModulePath>
      <ModuleTime>2019-07-24T02:58:28Z</ModuleTime>
      <ModuleName>System</ModuleName>
      <Classes />
    </Module>
    <Module skippedDueTo="Filter" hash="56-19-46-EE-B2-F2-BE-59-B4-C3-2F-4A-6E-93-59-8A-52-CC-E1-25">
      <ModulePath>C:\Users\andreas\Documents\Sources\Github\AndreasFurster\Avans-3.2\1-UnitTest\packages\NUnit.ConsoleRunner.3.10.0\tools\nunit.engine.api.dll</ModulePath>
      <ModuleTime>2019-03-24T15:23:50Z</ModuleTime>
      <ModuleName>nunit.engine.api</ModuleName>
      <Classes />
    </Module>
    <Module skippedDueTo="Filter" hash="F3-B1-83-1B-09-4C-8B-4B-4D-F1-AE-22-3B-BF-1C-83-85-41-B0-4C">
      <ModulePath>C:\Users\andreas\Documents\Sources\Github\AndreasFurster\Avans-3.2\1-UnitTest\packages\NUnit.ConsoleRunner.3.10.0\tools\nunit.engine.dll</ModulePath>
      <ModuleTime>2019-03-24T15:23:50Z</ModuleTime>
      <ModuleName>nunit.engine</ModuleName>
      <Classes />
    </Module>
    <Module skippedDueTo="Filter" hash="BA-94-4B-50-1E-D5-31-87-F3-25-6E-BA-07-71-E4-9F-22-0D-B8-34">
      <ModulePath>C:\Windows\Microsoft.Net\assembly\GAC_MSIL\System.Xml\v4.0_4.0.0.0__b77a5c561934e089\System.Xml.dll</ModulePath>
      <ModuleTime>2019-03-19T04:46:51.77351Z</ModuleTime>
      <ModuleName>System.Xml</ModuleName>
      <Classes />
    </Module>
    <Module skippedDueTo="Filter" hash="69-BD-B6-4D-3A-20-F3-46-AD-F7-D9-F3-A1-03-46-1A-75-A0-A0-5F">
      <ModulePath>C:\Windows\Microsoft.Net\assembly\GAC_64\System.Web\v4.0_4.0.0.0__b03f5f7f11d50a3a\System.Web.dll</ModulePath>
      <ModuleTime>2019-07-24T02:58:41.5913499Z</ModuleTime>
      <ModuleName>System.Web</ModuleName>
      <Classes />
    </Module>
    <Module skippedDueTo="Filter" hash="A7-7B-4E-D4-75-E8-13-EA-81-E3-7A-CE-3B-E3-5B-7B-B9-B9-D8-B3">
      <ModulePath>C:\Windows\Microsoft.Net\assembly\GAC_MSIL\System.Runtime.Remoting\v4.0_4.0.0.0__b77a5c561934e089\System.Runtime.Remoting.dll</ModulePath>
      <ModuleTime>2019-03-19T04:46:46.6637279Z</ModuleTime>
      <ModuleName>System.Runtime.Remoting</ModuleName>
      <Classes />
    </Module>
    <Module skippedDueTo="Filter" hash="DF-C9-61-37-67-FC-86-B5-19-6B-51-39-78-82-42-F2-94-44-FD-2F">
      <ModulePath>C:\Windows\Microsoft.Net\assembly\GAC_MSIL\System.Configuration\v4.0_4.0.0.0__b03f5f7f11d50a3a\System.Configuration.dll</ModulePath>
      <ModuleTime>2019-03-19T04:46:46.1168105Z</ModuleTime>
      <ModuleName>System.Configuration</ModuleName>
      <Classes />
    </Module>
    <Module skippedDueTo="MissingPdb" hash="8A-2E-8F-D6-9D-39-02-4A-2F-30-FC-06-42-F7-0F-A8-32-69-07-72">
      <ModulePath>C:\Users\andreas\Documents\Sources\Github\AndreasFurster\Avans-3.2\1-UnitTest\packages\NUnit.ConsoleRunner.3.10.0\tools\Mono.Cecil.dll</ModulePath>
      <ModuleTime>2019-03-24T15:23:50Z</ModuleTime>
      <ModuleName>Mono.Cecil</ModuleName>
      <Classes />
    </Module>
    <Module skippedDueTo="MissingPdb" hash="DD-03-C0-F6-30-61-DA-66-3E-7C-57-4F-A1-08-5C-81-F5-6E-EF-AA">
      <ModulePath>C:\Users\andreas\Documents\Sources\Github\AndreasFurster\Avans-3.2\1-UnitTest\packages\NUnit.ConsoleRunner.3.10.0\tools\nunit-agent.exe</ModulePath>
      <ModuleTime>2019-03-24T15:23:50Z</ModuleTime>
      <ModuleName>nunit-agent</ModuleName>
      <Classes />
    </Module>
    <Module skippedDueTo="Filter" hash="9B-2E-1C-9C-2D-F2-EF-54-0A-49-10-2E-FB-9D-3F-3C-92-2A-D1-72">
      <ModulePath>C:\Users\andreas\Documents\Sources\Github\AndreasFurster\Avans-3.2\1-UnitTest\UnitTesting\bin\Debug\nunit.framework.dll</ModulePath>
      <ModuleTime>2019-05-14T21:37:20Z</ModuleTime>
      <ModuleName>nunit.framework</ModuleName>
      <Classes />
    </Module>
    <Module skippedDueTo="Filter" hash="08-45-EB-E4-BC-C1-C1-A6-E3-DE-3F-23-9C-97-33-D0-E6-36-D7-73">
      <ModulePath>C:\Windows\Microsoft.Net\assembly\GAC_MSIL\System.Core\v4.0_4.0.0.0__b77a5c561934e089\System.Core.dll</ModulePath>
      <ModuleTime>2019-08-07T08:03:54Z</ModuleTime>
      <ModuleName>System.Core</ModuleName>
      <Classes />
    </Module>
    <Module hash="0B-DE-B6-C6-40-74-AA-A6-82-76-04-49-47-FF-24-F3-52-01-C0-7B">
      <Summary numSequencePoints="35" visitedSequencePoints="35" numBranchPoints="18" visitedBranchPoints="18" sequenceCoverage="100" branchCoverage="100" maxCyclomaticComplexity="8" minCyclomaticComplexity="1" maxCrapScore="8" minCrapScore="1" visitedClasses="2" numClasses="2" visitedMethods="4" numMethods="4" />
      <ModulePath>C:\Users\andreas\Documents\Sources\Github\AndreasFurster\Avans-3.2\1-UnitTest\UnitTesting\bin\Debug\UnitTesting.dll</ModulePath>
      <ModuleTime>2019-12-05T13:50:23.1203452Z</ModuleTime>
      <ModuleName>UnitTesting</ModuleName>
      <Files>
        <File uid="1" fullPath="C:\Users\andreas\Documents\Sources\Github\AndreasFurster\Avans-3.2\1-UnitTest\UnitTesting\Program.cs" />
        <File uid="2" fullPath="C:\Users\andreas\Documents\Sources\Github\AndreasFurster\Avans-3.2\1-UnitTest\UnitTesting\UnitTestProgram.cs" />
      </Files>
      <Classes>
        <Class>
          <Summary numSequencePoints="0" visitedSequencePoints="0" numBranchPoints="0" visitedBranchPoints="0" sequenceCoverage="0" branchCoverage="0" maxCyclomaticComplexity="0" minCyclomaticComplexity="0" maxCrapScore="0" minCrapScore="0" visitedClasses="0" numClasses="0" visitedMethods="0" numMethods="0" />
          <FullName>&lt;Module&gt;</FullName>
          <Methods />
        </Class>
        <Class>
          <Summary numSequencePoints="27" visitedSequencePoints="27" numBranchPoints="15" visitedBranchPoints="15" sequenceCoverage="100" branchCoverage="100" maxCyclomaticComplexity="8" minCyclomaticComplexity="1" maxCrapScore="8" minCrapScore="2" visitedClasses="1" numClasses="1" visitedMethods="1" numMethods="1" />
          <FullName>UnitTesting.Program</FullName>
          <Methods>
            <Method visited="true" cyclomaticComplexity="8" nPathComplexity="128" sequenceCoverage="100" branchCoverage="100" crapScore="8" isConstructor="false" isStatic="false" isGetter="false" isSetter="false">
              <Summary numSequencePoints="27" visitedSequencePoints="27" numBranchPoints="15" visitedBranchPoints="15" sequenceCoverage="100" branchCoverage="100" maxCyclomaticComplexity="8" minCyclomaticComplexity="8" maxCrapScore="8" minCrapScore="8" visitedClasses="0" numClasses="0" visitedMethods="1" numMethods="1" />
              <MetadataToken>100663297</MetadataToken>
              <Name>System.Double UnitTesting.Program::ShippingCosts(System.Boolean,System.String,System.Double)</Name>
              <FileRef uid="1" />
              <SequencePoints>
                <SequencePoint vc="8" uspid="1" ordinal="0" offset="0" sl="7" sc="9" el="7" ec="10" bec="0" bev="0" fileid="1" />
                <SequencePoint vc="8" uspid="2" ordinal="1" offset="1" sl="8" sc="13" el="8" ec="31" bec="0" bev="0" fileid="1" />
                <SequencePoint vc="8" uspid="3" ordinal="2" offset="11" sl="9" sc="13" el="9" ec="48" bec="2" bev="2" fileid="1" />
                <SequencePoint vc="7" uspid="4" ordinal="3" offset="19" sl="10" sc="13" el="10" ec="14" bec="0" bev="0" fileid="1" />
                <SequencePoint vc="7" uspid="5" ordinal="4" offset="20" sl="11" sc="17" el="11" ec="39" bec="2" bev="2" fileid="1" />
                <SequencePoint vc="1" uspid="6" ordinal="5" offset="36" sl="12" sc="17" el="12" ec="18" bec="0" bev="0" fileid="1" />
                <SequencePoint vc="1" uspid="7" ordinal="6" offset="37" sl="13" sc="21" el="13" ec="32" bec="0" bev="0" fileid="1" />
                <SequencePoint vc="1" uspid="8" ordinal="7" offset="47" sl="14" sc="17" el="14" ec="18" bec="0" bev="0" fileid="1" />
                <SequencePoint vc="6" uspid="9" ordinal="8" offset="50" sl="16" sc="17" el="16" ec="18" bec="0" bev="0" fileid="1" />
                <SequencePoint vc="6" uspid="10" ordinal="9" offset="51" sl="17" sc="21" el="17" ec="49" bec="9" bev="9" fileid="1" />
                <SequencePoint vc="1" uspid="11" ordinal="10" offset="114" sl="20" sc="29" el="20" ec="42" bec="0" bev="0" fileid="1" />
                <SequencePoint vc="1" uspid="12" ordinal="11" offset="124" sl="21" sc="29" el="21" ec="35" bec="0" bev="0" fileid="1" />
                <SequencePoint vc="1" uspid="13" ordinal="12" offset="126" sl="23" sc="29" el="23" ec="41" bec="0" bev="0" fileid="1" />
                <SequencePoint vc="1" uspid="14" ordinal="13" offset="136" sl="24" sc="29" el="24" ec="35" bec="0" bev="0" fileid="1" />
                <SequencePoint vc="1" uspid="15" ordinal="14" offset="138" sl="26" sc="29" el="26" ec="42" bec="0" bev="0" fileid="1" />
                <SequencePoint vc="1" uspid="16" ordinal="15" offset="148" sl="27" sc="29" el="27" ec="35" bec="0" bev="0" fileid="1" />
                <SequencePoint vc="1" uspid="17" ordinal="16" offset="150" sl="29" sc="29" el="29" ec="42" bec="0" bev="0" fileid="1" />
                <SequencePoint vc="1" uspid="18" ordinal="17" offset="160" sl="30" sc="29" el="30" ec="35" bec="0" bev="0" fileid="1" />
                <SequencePoint vc="2" uspid="19" ordinal="18" offset="162" sl="32" sc="29" el="32" ec="40" bec="0" bev="0" fileid="1" />
                <SequencePoint vc="2" uspid="20" ordinal="19" offset="172" sl="33" sc="29" el="33" ec="35" bec="0" bev="0" fileid="1" />
                <SequencePoint vc="6" uspid="21" ordinal="20" offset="174" sl="35" sc="17" el="35" ec="18" bec="0" bev="0" fileid="1" />
                <SequencePoint vc="7" uspid="22" ordinal="21" offset="175" sl="36" sc="13" el="36" ec="14" bec="0" bev="0" fileid="1" />
                <SequencePoint vc="1" uspid="23" ordinal="22" offset="178" sl="38" sc="13" el="38" ec="14" bec="0" bev="0" fileid="1" />
                <SequencePoint vc="1" uspid="24" ordinal="23" offset="179" sl="39" sc="17" el="39" ec="28" bec="0" bev="0" fileid="1" />
                <SequencePoint vc="1" uspid="25" ordinal="24" offset="189" sl="40" sc="13" el="40" ec="14" bec="0" bev="0" fileid="1" />
                <SequencePoint vc="8" uspid="26" ordinal="25" offset="190" sl="41" sc="13" el="41" ec="27" bec="0" bev="0" fileid="1" />
                <SequencePoint vc="8" uspid="27" ordinal="26" offset="195" sl="42" sc="9" el="42" ec="10" bec="0" bev="0" fileid="1" />
              </SequencePoints>
              <BranchPoints>
                <BranchPoint vc="7" uspid="28" ordinal="0" offset="14" sl="9" path="0" offsetend="19" fileid="1" />
                <BranchPoint vc="1" uspid="29" ordinal="1" offset="14" sl="9" path="1" offsetend="178" fileid="1" />
                <BranchPoint vc="1" uspid="30" ordinal="2" offset="34" sl="11" path="0" offsetend="36" fileid="1" />
                <BranchPoint vc="6" uspid="31" ordinal="3" offset="34" sl="11" path="1" offsetend="50" fileid="1" />
                <BranchPoint vc="5" uspid="32" ordinal="4" offset="58" sl="17" path="0" offsetend="60" fileid="1" />
                <BranchPoint vc="1" uspid="33" ordinal="5" offset="58" sl="17" path="1" offsetend="162" fileid="1" />
                <BranchPoint vc="4" uspid="34" ordinal="6" offset="71" sl="17" path="0" offsetend="73" fileid="1" />
                <BranchPoint vc="1" uspid="35" ordinal="7" offset="71" sl="17" path="1" offsetend="114" fileid="1" />
                <BranchPoint vc="3" uspid="36" ordinal="8" offset="84" sl="17" path="0" offsetend="86" fileid="1" />
                <BranchPoint vc="1" uspid="37" ordinal="9" offset="84" sl="17" path="1" offsetend="126" fileid="1" />
                <BranchPoint vc="2" uspid="38" ordinal="10" offset="97" sl="17" path="0" offsetend="99" fileid="1" />
                <BranchPoint vc="1" uspid="39" ordinal="11" offset="97" sl="17" path="1" offsetend="138" fileid="1" />
                <BranchPoint vc="2" uspid="40" ordinal="12" offset="110" sl="17" path="0" offsetchain="112" offsetend="162" fileid="1" />
                <BranchPoint vc="1" uspid="41" ordinal="13" offset="110" sl="17" path="1" offsetend="150" fileid="1" />
              </BranchPoints>
              <MethodPoint xsi:type="SequencePoint" vc="8" uspid="1" ordinal="0" offset="0" sl="7" sc="9" el="7" ec="10" bec="0" bev="0" fileid="1" />
            </Method>
            <Method visited="false" cyclomaticComplexity="1" nPathComplexity="0" sequenceCoverage="0" branchCoverage="0" crapScore="2" isConstructor="true" isStatic="false" isGetter="false" isSetter="false">
              <Summary numSequencePoints="0" visitedSequencePoints="0" numBranchPoints="0" visitedBranchPoints="0" sequenceCoverage="0" branchCoverage="0" maxCyclomaticComplexity="1" minCyclomaticComplexity="1" maxCrapScore="2" minCrapScore="2" visitedClasses="0" numClasses="0" visitedMethods="0" numMethods="0" />
              <MetadataToken>100663298</MetadataToken>
              <Name>System.Void UnitTesting.Program::.ctor()</Name>
              <SequencePoints />
              <BranchPoints />
              <MethodPoint vc="0" uspid="42" ordinal="0" offset="0" />
            </Method>
          </Methods>
        </Class>
        <Class>
          <Summary numSequencePoints="8" visitedSequencePoints="8" numBranchPoints="3" visitedBranchPoints="3" sequenceCoverage="100" branchCoverage="100" maxCyclomaticComplexity="1" minCyclomaticComplexity="1" maxCrapScore="1" minCrapScore="1" visitedClasses="1" numClasses="1" visitedMethods="3" numMethods="3" />
          <FullName>UnitTesting.UnitTestProgram</FullName>
          <Methods>
            <Method visited="true" cyclomaticComplexity="1" nPathComplexity="0" sequenceCoverage="100" branchCoverage="100" crapScore="1" isConstructor="false" isStatic="false" isGetter="false" isSetter="false">
              <Summary numSequencePoints="3" visitedSequencePoints="3" numBranchPoints="1" visitedBranchPoints="1" sequenceCoverage="100" branchCoverage="100" maxCyclomaticComplexity="1" minCyclomaticComplexity="1" maxCrapScore="1" minCrapScore="1" visitedClasses="0" numClasses="0" visitedMethods="1" numMethods="1" />
              <MetadataToken>100663299</MetadataToken>
              <Name>System.Void UnitTesting.UnitTestProgram::Setup()</Name>
              <FileRef uid="2" />
              <SequencePoints>
                <SequencePoint vc="8" uspid="43" ordinal="0" offset="0" sl="13" sc="9" el="13" ec="10" bec="0" bev="0" fileid="2" />
                <SequencePoint vc="8" uspid="44" ordinal="1" offset="1" sl="14" sc="13" el="14" ec="34" bec="0" bev="0" fileid="2" />
                <SequencePoint vc="8" uspid="45" ordinal="2" offset="12" sl="15" sc="9" el="15" ec="10" bec="0" bev="0" fileid="2" />
              </SequencePoints>
              <BranchPoints />
              <MethodPoint xsi:type="SequencePoint" vc="8" uspid="43" ordinal="0" offset="0" sl="13" sc="9" el="13" ec="10" bec="0" bev="0" fileid="2" />
            </Method>
            <Method visited="true" cyclomaticComplexity="1" nPathComplexity="0" sequenceCoverage="100" branchCoverage="100" crapScore="1" isConstructor="false" isStatic="false" isGetter="false" isSetter="false">
              <Summary numSequencePoints="4" visitedSequencePoints="4" numBranchPoints="1" visitedBranchPoints="1" sequenceCoverage="100" branchCoverage="100" maxCyclomaticComplexity="1" minCyclomaticComplexity="1" maxCrapScore="1" minCrapScore="1" visitedClasses="0" numClasses="0" visitedMethods="1" numMethods="1" />
              <MetadataToken>100663300</MetadataToken>
              <Name>System.Void UnitTesting.UnitTestProgram::ShippingCosts_Calculate(System.Boolean,System.String,System.Int32,System.Int32)</Name>
              <FileRef uid="2" />
              <SequencePoints>
                <SequencePoint vc="8" uspid="46" ordinal="0" offset="0" sl="26" sc="9" el="26" ec="10" bec="0" bev="0" fileid="2" />
                <SequencePoint vc="8" uspid="47" ordinal="1" offset="1" sl="27" sc="13" el="27" ec="106" bec="0" bev="0" fileid="2" />
                <SequencePoint vc="8" uspid="48" ordinal="2" offset="22" sl="28" sc="13" el="29" ec="81" bec="0" bev="0" fileid="2" />
                <SequencePoint vc="8" uspid="49" ordinal="3" offset="77" sl="30" sc="9" el="30" ec="10" bec="0" bev="0" fileid="2" />
              </SequencePoints>
              <BranchPoints />
              <MethodPoint xsi:type="SequencePoint" vc="8" uspid="46" ordinal="0" offset="0" sl="26" sc="9" el="26" ec="10" bec="0" bev="0" fileid="2" />
            </Method>
            <Method visited="true" cyclomaticComplexity="1" nPathComplexity="0" sequenceCoverage="100" branchCoverage="100" crapScore="1" isConstructor="true" isStatic="false" isGetter="false" isSetter="false">
              <Summary numSequencePoints="1" visitedSequencePoints="1" numBranchPoints="1" visitedBranchPoints="1" sequenceCoverage="100" branchCoverage="100" maxCyclomaticComplexity="1" minCyclomaticComplexity="1" maxCrapScore="1" minCrapScore="1" visitedClasses="0" numClasses="0" visitedMethods="1" numMethods="1" />
              <MetadataToken>100663301</MetadataToken>
              <Name>System.Void UnitTesting.UnitTestProgram::.ctor()</Name>
              <FileRef uid="2" />
              <SequencePoints>
                <SequencePoint vc="1" uspid="50" ordinal="0" offset="0" sl="9" sc="9" el="9" ec="43" bec="0" bev="0" fileid="2" />
              </SequencePoints>
              <BranchPoints />
              <MethodPoint xsi:type="SequencePoint" vc="1" uspid="50" ordinal="0" offset="0" sl="9" sc="9" el="9" ec="43" bec="0" bev="0" fileid="2" />
            </Method>
          </Methods>
        </Class>
      </Classes>
    </Module>
  </Modules>
</CoverageSession>